0:0:0:0:0:0:0:1 - - [29/Sep/2016:16:29:18 +0800] "GET / HTTP/1.1" 200 1301 188
0:0:0:0:0:0:0:1 - - [29/Sep/2016:16:29:18 +0800] "GET /webjars/angularjs/1.3.15/angular.js HTTP/1.1" 304 - 29
0:0:0:0:0:0:0:1 - - [29/Sep/2016:16:29:18 +0800] "GET /css/application.css HTTP/1.1" 200 198 32
0:0:0:0:0:0:0:1 - - [29/Sep/2016:16:29:18 +0800] "GET /webjars/bootstrap/3.2.0/js/bootstrap.js HTTP/1.1" 304 - 41
0:0:0:0:0:0:0:1 - - [29/Sep/2016:16:29:18 +0800] "GET /webjars/angular-ui-router/0.2.13/angular-ui-router.js HTTP/1.1" 304 - 41
0:0:0:0:0:0:0:1 - - [29/Sep/2016:16:29:18 +0800] "GET /webjars/angularjs/1.3.15/angular-resource.js HTTP/1.1" 304 - 36
0:0:0:0:0:0:0:1 - - [29/Sep/2016:16:29:18 +0800] "GET /js-mini/app.js HTTP/1.1" 200 1260 20
0:0:0:0:0:0:0:1 - - [29/Sep/2016:16:29:18 +0800] "GET /webjars/bootstrap/3.2.0/css/bootstrap.css HTTP/1.1" 304 - 46
0:0:0:0:0:0:0:1 - - [29/Sep/2016:16:29:18 +0800] "GET /tpl/person.html HTTP/1.1" 200 1303 11
0:0:0:0:0:0:0:1 - - [29/Sep/2016:16:29:26 +0800] "POST /dispatch HTTP/1.1" 400 337 89
0:0:0:0:0:0:0:1 - - [29/Sep/2016:16:29:28 +0800] "GET /tpl/some.html HTTP/1.1" 200 960 9
0:0:0:0:0:0:0:1 - - [29/Sep/2016:16:36:51 +0800] "GET / HTTP/1.1" 200 1301 153
0:0:0:0:0:0:0:1 - - [29/Sep/2016:16:36:51 +0800] "GET /js-mini/app.js HTTP/1.1" 200 1260 25
0:0:0:0:0:0:0:1 - - [29/Sep/2016:16:36:51 +0800] "GET /css/application.css HTTP/1.1" 200 198 24
0:0:0:0:0:0:0:1 - - [29/Sep/2016:16:36:51 +0800] "GET /webjars/bootstrap/3.2.0/css/bootstrap.css.map HTTP/1.1" 304 - 54
0:0:0:0:0:0:0:1 - - [29/Sep/2016:16:36:52 +0800] "GET /tpl/some.html HTTP/1.1" 200 960 18
0:0:0:0:0:0:0:1 - - [29/Sep/2016:16:36:58 +0800] "GET /users HTTP/1.1" 200 46 1156
0:0:0:0:0:0:0:1 - - [29/Sep/2016:16:37:11 +0800] "GET /users HTTP/1.1" 200 46 20
0:0:0:0:0:0:0:1 - - [29/Sep/2016:16:37:14 +0800] "GET /users HTTP/1.1" 200 46 19
0:0:0:0:0:0:0:1 - - [29/Sep/2016:16:37:55 +0800] "GET /users HTTP/1.1" 200 46 12744
0:0:0:0:0:0:0:1 - - [29/Sep/2016:16:40:28 +0800] "GET /users HTTP/1.1" 200 46 5699
0:0:0:0:0:0:0:1 - - [29/Sep/2016:16:44:09 +0800] "GET /12/users HTTP/1.1" 404 312 69
0:0:0:0:0:0:0:1 - - [29/Sep/2016:16:44:14 +0800] "GET /12/users.hg HTTP/1.1" 404 312 20
0:0:0:0:0:0:0:1 - - [29/Sep/2016:16:45:22 +0800] "GET /12/users.hg HTTP/1.1" 404 312 19
0:0:0:0:0:0:0:1 - - [29/Sep/2016:16:45:25 +0800] "GET /12/users.hg HTTP/1.1" 404 312 21
0:0:0:0:0:0:0:1 - - [29/Sep/2016:16:45:46 +0800] "GET /12/users.hg HTTP/1.1" 404 312 16
0:0:0:0:0:0:0:1 - - [29/Sep/2016:16:56:43 +0800] "GET /12/users.hg HTTP/1.1" 404 312 211
0:0:0:0:0:0:0:1 - - [29/Sep/2016:16:56:46 +0800] "GET / HTTP/1.1" 304 - 16
0:0:0:0:0:0:0:1 - - [29/Sep/2016:16:56:46 +0800] "GET /css/application.css HTTP/1.1" 304 - 9
0:0:0:0:0:0:0:1 - - [29/Sep/2016:16:56:46 +0800] "GET /js-mini/app.js HTTP/1.1" 304 - 8
0:0:0:0:0:0:0:1 - - [29/Sep/2016:16:56:46 +0800] "GET /tpl/person.html HTTP/1.1" 200 1303 14
0:0:0:0:0:0:0:1 - - [29/Sep/2016:16:56:48 +0800] "GET /tpl/some.html HTTP/1.1" 304 - 15
0:0:0:0:0:0:0:1 - - [29/Sep/2016:16:56:56 +0800] "GET /users HTTP/1.1" 200 46 1480
0:0:0:0:0:0:0:1 - - [29/Sep/2016:16:57:43 +0800] "GET / HTTP/1.1" 304 - 160
0:0:0:0:0:0:0:1 - - [29/Sep/2016:16:57:43 +0800] "GET /webjars/jquery/2.1.1/jquery.js HTTP/1.1" 304 - 9
0:0:0:0:0:0:0:1 - - [29/Sep/2016:16:57:43 +0800] "GET /webjars/bootstrap/3.2.0/js/bootstrap.js HTTP/1.1" 304 - 27
0:0:0:0:0:0:0:1 - - [29/Sep/2016:16:57:43 +0800] "GET /webjars/angularjs/1.3.15/angular-resource.js HTTP/1.1" 304 - 40
0:0:0:0:0:0:0:1 - - [29/Sep/2016:16:57:43 +0800] "GET /webjars/bootstrap/3.2.0/css/bootstrap.css HTTP/1.1" 304 - 45
0:0:0:0:0:0:0:1 - - [29/Sep/2016:16:57:43 +0800] "GET /webjars/angularjs/1.3.15/angular.js HTTP/1.1" 304 - 45
0:0:0:0:0:0:0:1 - - [29/Sep/2016:16:57:43 +0800] "GET /css/application.css HTTP/1.1" 304 - 59
0:0:0:0:0:0:0:1 - - [29/Sep/2016:16:57:43 +0800] "GET /webjars/angular-ui-router/0.2.13/angular-ui-router.js HTTP/1.1" 304 - 47
0:0:0:0:0:0:0:1 - - [29/Sep/2016:16:57:43 +0800] "GET /js-mini/app.js HTTP/1.1" 304 - 24
0:0:0:0:0:0:0:1 - - [29/Sep/2016:16:57:43 +0800] "GET /tpl/some.html HTTP/1.1" 304 - 9
0:0:0:0:0:0:0:1 - - [29/Sep/2016:16:57:43 +0800] "GET /favicon.ico HTTP/1.1" 200 2862 31
0:0:0:0:0:0:0:1 - - [29/Sep/2016:16:57:51 +0800] "GET /users HTTP/1.1" 200 58 6409
0:0:0:0:0:0:0:1 - - [29/Sep/2016:16:58:02 +0800] "GET /users HTTP/1.1" 200 58 3446
0:0:0:0:0:0:0:1 - - [29/Sep/2016:16:58:27 +0800] "GET /users HTTP/1.1" 200 58 4396
0:0:0:0:0:0:0:1 - - [29/Sep/2016:17:01:29 +0800] "GET /webjars/jquery/2.1.1/jquery.js HTTP/1.1" 304 - 19
0:0:0:0:0:0:0:1 - - [29/Sep/2016:17:01:29 +0800] "GET /webjars/angularjs/1.3.15/angular-resource.js HTTP/1.1" 304 - 28
0:0:0:0:0:0:0:1 - - [29/Sep/2016:17:01:29 +0800] "GET /css/application.css HTTP/1.1" 200 198 72
0:0:0:0:0:0:0:1 - - [29/Sep/2016:17:01:29 +0800] "GET /webjars/angularjs/1.3.15/angular.js HTTP/1.1" 304 - 65
0:0:0:0:0:0:0:1 - - [29/Sep/2016:17:01:29 +0800] "GET /webjars/bootstrap/3.2.0/js/bootstrap.js HTTP/1.1" 304 - 45
0:0:0:0:0:0:0:1 - - [29/Sep/2016:17:01:29 +0800] "GET /webjars/angular-ui-router/0.2.13/angular-ui-router.js HTTP/1.1" 304 - 44
0:0:0:0:0:0:0:1 - - [29/Sep/2016:17:01:29 +0800] "GET /js-mini/app.js HTTP/1.1" 200 1260 45
0:0:0:0:0:0:0:1 - - [29/Sep/2016:17:01:32 +0800] "GET / HTTP/1.1" 200 1301 8016
0:0:0:0:0:0:0:1 - - [29/Sep/2016:17:01:32 +0800] "GET /webjars/bootstrap/3.2.0/css/bootstrap.css HTTP/1.1" 304 - 16
0:0:0:0:0:0:0:1 - - [29/Sep/2016:17:01:32 +0800] "GET /tpl/some.html HTTP/1.1" 200 960 11
0:0:0:0:0:0:0:1 - - [29/Sep/2016:17:01:32 +0800] "GET /favicon.ico HTTP/1.1" 200 2862 33
0:0:0:0:0:0:0:1 - - [29/Sep/2016:17:02:08 +0800] "GET /users HTTP/1.1" 200 58 32324
